<?xml version="1.0" encoding="UTF-8"?>
<!-- Generated by org.testng.reporters.JUnitReportReporter -->
<testsuite hostname="LAPTOP-KTH72RIV" failures="0" tests="1" name="sfdc.pageobjmod.tests.HomepageTestSudoCode" time="10.518" errors="0" timestamp="2025-06-29T17:52:35 PDT" skipped="0">
  <testcase classname="sfdc.pageobjmod.tests.HomepageTestSudoCode" name="myProfileclick" time="10.518"/>
</testsuite> <!-- sfdc.pageobjmod.tests.HomepageTestSudoCode -->
