<?xml version="1.0" encoding="UTF-8"?>
<!-- Generated by org.testng.reporters.JUnitReportReporter -->
<testsuite hostname="LAPTOP-KTH72RIV" failures="0" tests="5" name="sfdc.pageobjectmodel.tests.LoginTest" time="51.644" errors="0" timestamp="2025-06-16T13:28:57 PDT" skipped="0">
  <testcase classname="sfdc.pageobjectmodel.tests.LoginTest" name="LoginToSFDC" time="5.612"/>
  <testcase classname="sfdc.pageobjectmodel.tests.LoginTest" name="forgotpasswordB" time="6.390"/>
  <testcase classname="sfdc.pageobjectmodel.tests.LoginTest" name="LoginErrorMessage" time="4.788"/>
  <testcase classname="sfdc.pageobjectmodel.tests.LoginTest" name="forgotpasswordA" time="9.803"/>
  <testcase classname="sfdc.pageobjectmodel.tests.LoginTest" name="RemembermeCheckBox" time="25.051"/>
</testsuite> <!-- sfdc.pageobjectmodel.tests.LoginTest -->
