<?xml version="1.0" encoding="UTF-8"?>
<!-- Generated by org.testng.reporters.JUnitReportReporter -->
<testsuite hostname="LAPTOP-KTH72RIV" failures="0" tests="3" name="sfdc.pageobjectmodel.tests.UserMenuTest" time="14.029" errors="0" timestamp="2025-06-20T13:13:47 PDT" skipped="2">
  <testcase classname="sfdc.pageobjectmodel.tests.UserMenuTest" name="postLink" time="14.029"/>
  <testcase classname="sfdc.pageobjectmodel.tests.UserMenuTest" name="myProfileclickAddPhoto">
    <skipped/>
  </testcase> <!-- myProfileclickAddPhoto -->
  <testcase classname="sfdc.pageobjectmodel.tests.UserMenuTest" name="FileclickAndFileupload">
    <skipped/>
  </testcase> <!-- FileclickAndFileupload -->
</testsuite> <!-- sfdc.pageobjectmodel.tests.UserMenuTest -->
