<?xml version="1.0" encoding="UTF-8"?>
<!-- Generated by org.testng.reporters.JUnitReportReporter -->
<testsuite hostname="LAPTOP-KTH72RIV" failures="0" tests="1" name="sfdc.pageobjectmodel.tests.HomepageTest" time="5.409" errors="0" timestamp="2025-06-20T13:16:56 PDT" skipped="0">
  <testcase classname="sfdc.pageobjectmodel.tests.HomepageTest" name="myProfileclick" time="5.409"/>
</testsuite> <!-- sfdc.pageobjectmodel.tests.HomepageTest -->
