<?xml version="1.0" encoding="UTF-8"?>
<!-- Generated by org.testng.reporters.JUnitReportReporter -->
<testsuite hostname="LAPTOP-KTH72RIV" failures="0" tests="1" name="sfdc.pageobjmod.tests.HomepageTest" time="46.212" errors="0" timestamp="2025-07-10T21:10:09 PDT" skipped="0">
  <testcase classname="sfdc.pageobjmod.tests.HomepageTest" name="Login" time="46.212"/>
</testsuite> <!-- sfdc.pageobjmod.tests.HomepageTest -->
