<?xml version="1.0" encoding="UTF-8"?>
<!-- Generated by org.testng.reporters.JUnitReportReporter -->
<testsuite hostname="LAPTOP-KTH72RIV" failures="0" tests="2" name="sfdc.pageobjmod.tests.LoginTest" time="73.611" errors="0" timestamp="2025-07-10T21:19:35 PDT" skipped="0">
  <testcase classname="sfdc.pageobjmod.tests.LoginTest" name="LoginToSFDC" time="4.728"/>
  <testcase classname="sfdc.pageobjmod.tests.LoginTest" name="RemembermeCheckBox" time="68.883"/>
</testsuite> <!-- sfdc.pageobjmod.tests.LoginTest -->
